<?xml version="1.0" encoding="UTF-8"?>
<testng-results ignored="0" total="1" passed="1" failed="0" skipped="0">
  <reporter-output>
  </reporter-output>
  <suite started-at="2023-01-25T16:36:08 EET" name="Default suite" finished-at="2023-01-25T16:36:13 EET" duration-ms="5081">
    <groups>
    </groups>
    <test started-at="2023-01-25T16:36:08 EET" name="Default test" finished-at="2023-01-25T16:36:13 EET" duration-ms="5081">
      <class name="MyFirstClass1">
        <test-method is-config="true" signature="before_test()[pri:0, instance:MyFirstClass1@71809907]" started-at="2023-01-25T16:36:08 EET" name="before_test" finished-at="2023-01-25T16:36:11 EET" duration-ms="3542" status="PASS">
          <reporter-output>
          </reporter-output>
        </test-method> <!-- before_test -->
        <test-method signature="colorPicker()[pri:0, instance:MyFirstClass1@71809907]" started-at="2023-01-25T16:36:11 EET" name="colorPicker" finished-at="2023-01-25T16:36:13 EET" duration-ms="1454" status="PASS">
          <reporter-output>
          </reporter-output>
        </test-method> <!-- colorPicker -->
      </class> <!-- MyFirstClass1 -->
    </test> <!-- Default test -->
  </suite> <!-- Default suite -->
</testng-results>
